14-May-2024 16:18:05.252 INFO [main] org.apache.catalina.startup.VersionLoggerListener.log Server version name:   Apache Tomcat/9.0.89
14-May-2024 16:18:05.254 INFO [main] org.apache.catalina.startup.VersionLoggerListener.log Server built:          May 3 2024 20:22:11 UTC
14-May-2024 16:18:05.254 INFO [main] org.apache.catalina.startup.VersionLoggerListener.log Server version number: 9.0.89.0
14-May-2024 16:18:05.254 INFO [main] org.apache.catalina.startup.VersionLoggerListener.log OS Name:               Linux
14-May-2024 16:18:05.254 INFO [main] org.apache.catalina.startup.VersionLoggerListener.log OS Version:            5.15.133.1-microsoft-standard-WSL2
14-May-2024 16:18:05.255 INFO [main] org.apache.catalina.startup.VersionLoggerListener.log Architecture:          amd64
14-May-2024 16:18:05.255 INFO [main] org.apache.catalina.startup.VersionLoggerListener.log Java Home:             /opt/java/openjdk
14-May-2024 16:18:05.255 INFO [main] org.apache.catalina.startup.VersionLoggerListener.log JVM Version:           1.8.0_412-b08
14-May-2024 16:18:05.255 INFO [main] org.apache.catalina.startup.VersionLoggerListener.log JVM Vendor:            Temurin
14-May-2024 16:18:05.255 INFO [main] org.apache.catalina.startup.VersionLoggerListener.log CATALINA_BASE:         /usr/local/tomcat
14-May-2024 16:18:05.255 INFO [main] org.apache.catalina.startup.VersionLoggerListener.log CATALINA_HOME:         /usr/local/tomcat
14-May-2024 16:18:05.256 INFO [main] org.apache.catalina.startup.VersionLoggerListener.log Command line argument: -Djava.util.logging.config.file=/usr/local/tomcat/conf/logging.properties
14-May-2024 16:18:05.256 INFO [main] org.apache.catalina.startup.VersionLoggerListener.log Command line argument: -Djava.util.logging.manager=org.apache.juli.ClassLoaderLogManager
14-May-2024 16:18:05.256 INFO [main] org.apache.catalina.startup.VersionLoggerListener.log Command line argument: -Djdk.tls.ephemeralDHKeySize=2048
14-May-2024 16:18:05.256 INFO [main] org.apache.catalina.startup.VersionLoggerListener.log Command line argument: -Djava.protocol.handler.pkgs=org.apache.catalina.webresources
14-May-2024 16:18:05.256 INFO [main] org.apache.catalina.startup.VersionLoggerListener.log Command line argument: -Dorg.apache.catalina.security.SecurityListener.UMASK=0027
14-May-2024 16:18:05.256 INFO [main] org.apache.catalina.startup.VersionLoggerListener.log Command line argument: -Dignore.endorsed.dirs=
14-May-2024 16:18:05.257 INFO [main] org.apache.catalina.startup.VersionLoggerListener.log Command line argument: -Dcatalina.base=/usr/local/tomcat
14-May-2024 16:18:05.257 INFO [main] org.apache.catalina.startup.VersionLoggerListener.log Command line argument: -Dcatalina.home=/usr/local/tomcat
14-May-2024 16:18:05.257 INFO [main] org.apache.catalina.startup.VersionLoggerListener.log Command line argument: -Djava.io.tmpdir=/usr/local/tomcat/temp
14-May-2024 16:18:05.261 INFO [main] org.apache.catalina.core.AprLifecycleListener.lifecycleEvent Loaded Apache Tomcat Native library [1.3.0] using APR version [1.7.0].
14-May-2024 16:18:05.261 INFO [main] org.apache.catalina.core.AprLifecycleListener.lifecycleEvent APR capabilities: IPv6 [true], sendfile [true], accept filters [false], random [true], UDS [true].
14-May-2024 16:18:05.261 INFO [main] org.apache.catalina.core.AprLifecycleListener.lifecycleEvent APR/OpenSSL configuration: useAprConnector [false], useOpenSSL [true]
14-May-2024 16:18:05.265 INFO [main] org.apache.catalina.core.AprLifecycleListener.initializeSSL OpenSSL successfully initialized [OpenSSL 3.0.2 15 Mar 2022]
14-May-2024 16:18:05.644 INFO [main] org.apache.coyote.AbstractProtocol.init Initializing ProtocolHandler ["http-nio-8080"]
14-May-2024 16:18:05.667 INFO [main] org.apache.catalina.startup.Catalina.load Server initialization in [602] milliseconds
14-May-2024 16:18:05.738 INFO [main] org.apache.catalina.core.StandardService.startInternal Starting service [Catalina]
14-May-2024 16:18:05.738 INFO [main] org.apache.catalina.core.StandardEngine.startInternal Starting Servlet engine: [Apache Tomcat/9.0.89]
14-May-2024 16:18:05.770 INFO [main] org.apache.coyote.AbstractProtocol.start Starting ProtocolHandler ["http-nio-8080"]
14-May-2024 16:18:05.786 INFO [main] org.apache.catalina.startup.Catalina.start Server startup in [119] milliseconds
14-May-2024 16:19:05.984 INFO [Catalina-utility-2] org.apache.catalina.startup.HostConfig.deployWAR Deploying web application archive [/usr/local/tomcat/webapps/EPD8_EX1.war]
14-May-2024 16:19:08.258 INFO [Catalina-utility-2] org.apache.catalina.startup.HostConfig.deployWAR Deployment of web application archive [/usr/local/tomcat/webapps/EPD8_EX1.war] has finished in [2,273] ms
