31-May-2024 10:38:09.796 INFO [main] org.apache.catalina.startup.VersionLoggerListener.log Server version name:   Apache Tomcat/9.0.89
31-May-2024 10:38:09.798 INFO [main] org.apache.catalina.startup.VersionLoggerListener.log Server built:          May 3 2024 20:22:11 UTC
31-May-2024 10:38:09.798 INFO [main] org.apache.catalina.startup.VersionLoggerListener.log Server version number: 9.0.89.0
31-May-2024 10:38:09.798 INFO [main] org.apache.catalina.startup.VersionLoggerListener.log OS Name:               Linux
31-May-2024 10:38:09.798 INFO [main] org.apache.catalina.startup.VersionLoggerListener.log OS Version:            5.15.133.1-microsoft-standard-WSL2
31-May-2024 10:38:09.798 INFO [main] org.apache.catalina.startup.VersionLoggerListener.log Architecture:          amd64
31-May-2024 10:38:09.798 INFO [main] org.apache.catalina.startup.VersionLoggerListener.log Java Home:             /opt/java/openjdk
31-May-2024 10:38:09.798 INFO [main] org.apache.catalina.startup.VersionLoggerListener.log JVM Version:           1.8.0_412-b08
31-May-2024 10:38:09.799 INFO [main] org.apache.catalina.startup.VersionLoggerListener.log JVM Vendor:            Temurin
31-May-2024 10:38:09.799 INFO [main] org.apache.catalina.startup.VersionLoggerListener.log CATALINA_BASE:         /usr/local/tomcat
31-May-2024 10:38:09.799 INFO [main] org.apache.catalina.startup.VersionLoggerListener.log CATALINA_HOME:         /usr/local/tomcat
31-May-2024 10:38:09.800 INFO [main] org.apache.catalina.startup.VersionLoggerListener.log Command line argument: -Djava.util.logging.config.file=/usr/local/tomcat/conf/logging.properties
31-May-2024 10:38:09.800 INFO [main] org.apache.catalina.startup.VersionLoggerListener.log Command line argument: -Djava.util.logging.manager=org.apache.juli.ClassLoaderLogManager
31-May-2024 10:38:09.800 INFO [main] org.apache.catalina.startup.VersionLoggerListener.log Command line argument: -Djdk.tls.ephemeralDHKeySize=2048
31-May-2024 10:38:09.800 INFO [main] org.apache.catalina.startup.VersionLoggerListener.log Command line argument: -Djava.protocol.handler.pkgs=org.apache.catalina.webresources
31-May-2024 10:38:09.800 INFO [main] org.apache.catalina.startup.VersionLoggerListener.log Command line argument: -Dorg.apache.catalina.security.SecurityListener.UMASK=0027
31-May-2024 10:38:09.800 INFO [main] org.apache.catalina.startup.VersionLoggerListener.log Command line argument: -Dignore.endorsed.dirs=
31-May-2024 10:38:09.800 INFO [main] org.apache.catalina.startup.VersionLoggerListener.log Command line argument: -Dcatalina.base=/usr/local/tomcat
31-May-2024 10:38:09.801 INFO [main] org.apache.catalina.startup.VersionLoggerListener.log Command line argument: -Dcatalina.home=/usr/local/tomcat
31-May-2024 10:38:09.801 INFO [main] org.apache.catalina.startup.VersionLoggerListener.log Command line argument: -Djava.io.tmpdir=/usr/local/tomcat/temp
31-May-2024 10:38:09.806 INFO [main] org.apache.catalina.core.AprLifecycleListener.lifecycleEvent Loaded Apache Tomcat Native library [1.3.0] using APR version [1.7.0].
31-May-2024 10:38:09.806 INFO [main] org.apache.catalina.core.AprLifecycleListener.lifecycleEvent APR capabilities: IPv6 [true], sendfile [true], accept filters [false], random [true], UDS [true].
31-May-2024 10:38:09.806 INFO [main] org.apache.catalina.core.AprLifecycleListener.lifecycleEvent APR/OpenSSL configuration: useAprConnector [false], useOpenSSL [true]
31-May-2024 10:38:09.810 INFO [main] org.apache.catalina.core.AprLifecycleListener.initializeSSL OpenSSL successfully initialized [OpenSSL 3.0.2 15 Mar 2022]
31-May-2024 10:38:10.045 INFO [main] org.apache.coyote.AbstractProtocol.init Initializing ProtocolHandler ["http-nio-8080"]
31-May-2024 10:38:10.060 INFO [main] org.apache.catalina.startup.Catalina.load Server initialization in [424] milliseconds
31-May-2024 10:38:10.094 INFO [main] org.apache.catalina.core.StandardService.startInternal Starting service [Catalina]
31-May-2024 10:38:10.095 INFO [main] org.apache.catalina.core.StandardEngine.startInternal Starting Servlet engine: [Apache Tomcat/9.0.89]
31-May-2024 10:38:10.133 INFO [main] org.apache.catalina.startup.HostConfig.deployDirectory Deploying web application directory [/usr/local/tomcat/webapps/GestionInventario]
31-May-2024 10:38:10.665 INFO [main] org.apache.catalina.startup.HostConfig.deployDirectory Deployment of web application directory [/usr/local/tomcat/webapps/GestionInventario] has finished in [532] ms
31-May-2024 10:38:10.669 INFO [main] org.apache.coyote.AbstractProtocol.start Starting ProtocolHandler ["http-nio-8080"]
31-May-2024 10:38:10.689 INFO [main] org.apache.catalina.startup.Catalina.start Server startup in [628] milliseconds
31-May-2024 10:43:42.603 INFO [Thread-2] org.apache.coyote.AbstractProtocol.pause Pausing ProtocolHandler ["http-nio-8080"]
31-May-2024 10:43:42.606 INFO [Thread-2] org.apache.catalina.core.StandardService.stopInternal Stopping service [Catalina]
31-May-2024 10:43:42.620 INFO [Thread-2] org.apache.coyote.AbstractProtocol.stop Stopping ProtocolHandler ["http-nio-8080"]
31-May-2024 10:43:42.629 INFO [Thread-2] org.apache.coyote.AbstractProtocol.destroy Destroying ProtocolHandler ["http-nio-8080"]
31-May-2024 10:43:43.789 INFO [main] org.apache.catalina.startup.VersionLoggerListener.log Server version name:   Apache Tomcat/9.0.89
31-May-2024 10:43:43.791 INFO [main] org.apache.catalina.startup.VersionLoggerListener.log Server built:          May 3 2024 20:22:11 UTC
31-May-2024 10:43:43.791 INFO [main] org.apache.catalina.startup.VersionLoggerListener.log Server version number: 9.0.89.0
31-May-2024 10:43:43.791 INFO [main] org.apache.catalina.startup.VersionLoggerListener.log OS Name:               Linux
31-May-2024 10:43:43.791 INFO [main] org.apache.catalina.startup.VersionLoggerListener.log OS Version:            5.15.133.1-microsoft-standard-WSL2
31-May-2024 10:43:43.792 INFO [main] org.apache.catalina.startup.VersionLoggerListener.log Architecture:          amd64
31-May-2024 10:43:43.792 INFO [main] org.apache.catalina.startup.VersionLoggerListener.log Java Home:             /opt/java/openjdk
31-May-2024 10:43:43.792 INFO [main] org.apache.catalina.startup.VersionLoggerListener.log JVM Version:           1.8.0_412-b08
31-May-2024 10:43:43.792 INFO [main] org.apache.catalina.startup.VersionLoggerListener.log JVM Vendor:            Temurin
31-May-2024 10:43:43.793 INFO [main] org.apache.catalina.startup.VersionLoggerListener.log CATALINA_BASE:         /usr/local/tomcat
31-May-2024 10:43:43.793 INFO [main] org.apache.catalina.startup.VersionLoggerListener.log CATALINA_HOME:         /usr/local/tomcat
31-May-2024 10:43:43.794 INFO [main] org.apache.catalina.startup.VersionLoggerListener.log Command line argument: -Djava.util.logging.config.file=/usr/local/tomcat/conf/logging.properties
31-May-2024 10:43:43.794 INFO [main] org.apache.catalina.startup.VersionLoggerListener.log Command line argument: -Djava.util.logging.manager=org.apache.juli.ClassLoaderLogManager
31-May-2024 10:43:43.794 INFO [main] org.apache.catalina.startup.VersionLoggerListener.log Command line argument: -Djdk.tls.ephemeralDHKeySize=2048
31-May-2024 10:43:43.794 INFO [main] org.apache.catalina.startup.VersionLoggerListener.log Command line argument: -Djava.protocol.handler.pkgs=org.apache.catalina.webresources
31-May-2024 10:43:43.794 INFO [main] org.apache.catalina.startup.VersionLoggerListener.log Command line argument: -Dorg.apache.catalina.security.SecurityListener.UMASK=0027
31-May-2024 10:43:43.795 INFO [main] org.apache.catalina.startup.VersionLoggerListener.log Command line argument: -Dignore.endorsed.dirs=
31-May-2024 10:43:43.795 INFO [main] org.apache.catalina.startup.VersionLoggerListener.log Command line argument: -Dcatalina.base=/usr/local/tomcat
31-May-2024 10:43:43.795 INFO [main] org.apache.catalina.startup.VersionLoggerListener.log Command line argument: -Dcatalina.home=/usr/local/tomcat
31-May-2024 10:43:43.796 INFO [main] org.apache.catalina.startup.VersionLoggerListener.log Command line argument: -Djava.io.tmpdir=/usr/local/tomcat/temp
31-May-2024 10:43:43.800 INFO [main] org.apache.catalina.core.AprLifecycleListener.lifecycleEvent Loaded Apache Tomcat Native library [1.3.0] using APR version [1.7.0].
31-May-2024 10:43:43.800 INFO [main] org.apache.catalina.core.AprLifecycleListener.lifecycleEvent APR capabilities: IPv6 [true], sendfile [true], accept filters [false], random [true], UDS [true].
31-May-2024 10:43:43.800 INFO [main] org.apache.catalina.core.AprLifecycleListener.lifecycleEvent APR/OpenSSL configuration: useAprConnector [false], useOpenSSL [true]
31-May-2024 10:43:43.804 INFO [main] org.apache.catalina.core.AprLifecycleListener.initializeSSL OpenSSL successfully initialized [OpenSSL 3.0.2 15 Mar 2022]
31-May-2024 10:43:44.071 INFO [main] org.apache.coyote.AbstractProtocol.init Initializing ProtocolHandler ["http-nio-8080"]
31-May-2024 10:43:44.101 INFO [main] org.apache.catalina.startup.Catalina.load Server initialization in [463] milliseconds
31-May-2024 10:43:44.139 INFO [main] org.apache.catalina.core.StandardService.startInternal Starting service [Catalina]
31-May-2024 10:43:44.139 INFO [main] org.apache.catalina.core.StandardEngine.startInternal Starting Servlet engine: [Apache Tomcat/9.0.89]
31-May-2024 10:43:44.159 INFO [main] org.apache.catalina.startup.HostConfig.deployDirectory Deploying web application directory [/usr/local/tomcat/webapps/GestionInventario]
31-May-2024 10:43:44.611 INFO [main] org.apache.catalina.startup.HostConfig.deployDirectory Deployment of web application directory [/usr/local/tomcat/webapps/GestionInventario] has finished in [451] ms
31-May-2024 10:43:44.614 INFO [main] org.apache.coyote.AbstractProtocol.start Starting ProtocolHandler ["http-nio-8080"]
31-May-2024 10:43:44.632 INFO [main] org.apache.catalina.startup.Catalina.start Server startup in [530] milliseconds
